2012/12/31 05:35:41 [trace] [system.CModule] Loading "log" application component
in Z:\eclipse-php\workspace\wl2\index.php (13)
2012/12/31 05:35:41 [trace] [system.CModule] Loading "request" application component
in Z:\eclipse-php\workspace\wl2\index.php (13)
2012/12/31 05:35:41 [trace] [system.CModule] Loading "urlManager" application component
in Z:\eclipse-php\workspace\wl2\index.php (13)
2012/12/31 05:35:41 [trace] [system.CModule] Loading "db" application component
in Z:\eclipse-php\workspace\wl2\protected\models\User.php (21)
in Z:\eclipse-php\workspace\wl2\protected\components\UserIdentity.php (24)
in Z:\eclipse-php\workspace\wl2\protected\models\LoginForm.php (52)
2012/12/31 05:35:41 [trace] [system.db.CDbConnection] Opening DB connection
in Z:\eclipse-php\workspace\wl2\protected\models\User.php (21)
in Z:\eclipse-php\workspace\wl2\protected\components\UserIdentity.php (24)
in Z:\eclipse-php\workspace\wl2\protected\models\LoginForm.php (52)
2012/12/31 05:35:41 [trace] [system.db.CDbCommand] Querying SQL: SHOW COLUMNS FROM `wl_users`
in Z:\eclipse-php\workspace\wl2\protected\models\User.php (21)
in Z:\eclipse-php\workspace\wl2\protected\components\UserIdentity.php (24)
in Z:\eclipse-php\workspace\wl2\protected\models\LoginForm.php (52)
2012/12/31 05:35:41 [trace] [system.db.CDbCommand] Querying SQL: SHOW CREATE TABLE `wl_users`
in Z:\eclipse-php\workspace\wl2\protected\models\User.php (21)
in Z:\eclipse-php\workspace\wl2\protected\components\UserIdentity.php (24)
in Z:\eclipse-php\workspace\wl2\protected\models\LoginForm.php (52)
2012/12/31 05:35:41 [trace] [system.db.ar.CActiveRecord] User.find()
in Z:\eclipse-php\workspace\wl2\protected\components\UserIdentity.php (24)
in Z:\eclipse-php\workspace\wl2\protected\models\LoginForm.php (52)
in Z:\eclipse-php\workspace\wl2\protected\controllers\SiteController.php (94)
2012/12/31 05:35:41 [trace] [system.db.CDbCommand] Querying SQL: SELECT * FROM `wl_users` `t` WHERE email=:emailAddr LIMIT 1
in Z:\eclipse-php\workspace\wl2\protected\components\UserIdentity.php (24)
in Z:\eclipse-php\workspace\wl2\protected\models\LoginForm.php (52)
in Z:\eclipse-php\workspace\wl2\protected\controllers\SiteController.php (94)
2012/12/31 05:35:41 [trace] [system.CModule] Loading "widgetFactory" application component
in Z:\eclipse-php\workspace\wl2\protected\views\site\login.php (23)
in Z:\eclipse-php\workspace\wl2\protected\controllers\SiteController.php (98)
in Z:\eclipse-php\workspace\wl2\index.php (13)
2012/12/31 05:35:41 [trace] [system.CModule] Loading "coreMessages" application component
in Z:\eclipse-php\workspace\wl2\protected\views\site\login.php (30)
in Z:\eclipse-php\workspace\wl2\protected\controllers\SiteController.php (98)
in Z:\eclipse-php\workspace\wl2\index.php (13)
2012/12/31 05:35:41 [trace] [system.CModule] Loading "clientScript" application component
in Z:\eclipse-php\workspace\wl2\protected\views\site\login.php (52)
in Z:\eclipse-php\workspace\wl2\protected\controllers\SiteController.php (98)
in Z:\eclipse-php\workspace\wl2\index.php (13)
2012/12/31 05:35:41 [trace] [system.CModule] Loading "user" application component
in Z:\eclipse-php\workspace\wl2\protected\views\layouts\main.php (35)
in Z:\eclipse-php\workspace\wl2\protected\views\layouts\column1.php (6)
in Z:\eclipse-php\workspace\wl2\protected\controllers\SiteController.php (98)
2012/12/31 05:35:41 [trace] [system.CModule] Loading "session" application component
in Z:\eclipse-php\workspace\wl2\protected\views\layouts\main.php (35)
in Z:\eclipse-php\workspace\wl2\protected\views\layouts\column1.php (6)
in Z:\eclipse-php\workspace\wl2\protected\controllers\SiteController.php (98)
2012/12/31 05:35:41 [trace] [system.CModule] Loading "assetManager" application component
in Z:\eclipse-php\workspace\wl2\protected\controllers\SiteController.php (98)
in Z:\eclipse-php\workspace\wl2\index.php (13)
2012/12/31 05:39:09 [trace] [system.CModule] Loading "log" application component
in Z:\eclipse-php\workspace\wl2\index.php (13)
2012/12/31 05:39:09 [trace] [system.CModule] Loading "request" application component
in Z:\eclipse-php\workspace\wl2\index.php (13)
2012/12/31 05:39:09 [trace] [system.CModule] Loading "urlManager" application component
in Z:\eclipse-php\workspace\wl2\index.php (13)
2012/12/31 05:39:09 [info] [application] Logging in with username: "wl2@andrewrgraham.com"
in Z:\eclipse-php\workspace\wl2\protected\components\UserIdentity.php (24)
in Z:\eclipse-php\workspace\wl2\protected\models\LoginForm.php (52)
in Z:\eclipse-php\workspace\wl2\protected\controllers\SiteController.php (94)
2012/12/31 05:39:09 [trace] [system.CModule] Loading "db" application component
in Z:\eclipse-php\workspace\wl2\protected\models\User.php (21)
in Z:\eclipse-php\workspace\wl2\protected\components\UserIdentity.php (25)
in Z:\eclipse-php\workspace\wl2\protected\models\LoginForm.php (52)
2012/12/31 05:39:09 [trace] [system.db.CDbConnection] Opening DB connection
in Z:\eclipse-php\workspace\wl2\protected\models\User.php (21)
in Z:\eclipse-php\workspace\wl2\protected\components\UserIdentity.php (25)
in Z:\eclipse-php\workspace\wl2\protected\models\LoginForm.php (52)
2012/12/31 05:39:09 [trace] [system.db.CDbCommand] Querying SQL: SHOW COLUMNS FROM `wl_users`
in Z:\eclipse-php\workspace\wl2\protected\models\User.php (21)
in Z:\eclipse-php\workspace\wl2\protected\components\UserIdentity.php (25)
in Z:\eclipse-php\workspace\wl2\protected\models\LoginForm.php (52)
2012/12/31 05:39:09 [trace] [system.db.CDbCommand] Querying SQL: SHOW CREATE TABLE `wl_users`
in Z:\eclipse-php\workspace\wl2\protected\models\User.php (21)
in Z:\eclipse-php\workspace\wl2\protected\components\UserIdentity.php (25)
in Z:\eclipse-php\workspace\wl2\protected\models\LoginForm.php (52)
2012/12/31 05:39:09 [trace] [system.db.ar.CActiveRecord] User.find()
in Z:\eclipse-php\workspace\wl2\protected\components\UserIdentity.php (25)
in Z:\eclipse-php\workspace\wl2\protected\models\LoginForm.php (52)
in Z:\eclipse-php\workspace\wl2\protected\controllers\SiteController.php (94)
2012/12/31 05:39:09 [trace] [system.db.CDbCommand] Querying SQL: SELECT * FROM `wl_users` `t` WHERE email=:emailAddr LIMIT 1
in Z:\eclipse-php\workspace\wl2\protected\components\UserIdentity.php (25)
in Z:\eclipse-php\workspace\wl2\protected\models\LoginForm.php (52)
in Z:\eclipse-php\workspace\wl2\protected\controllers\SiteController.php (94)
2012/12/31 05:39:09 [trace] [system.CModule] Loading "widgetFactory" application component
in Z:\eclipse-php\workspace\wl2\protected\views\site\login.php (23)
in Z:\eclipse-php\workspace\wl2\protected\controllers\SiteController.php (98)
in Z:\eclipse-php\workspace\wl2\index.php (13)
2012/12/31 05:39:09 [trace] [system.CModule] Loading "coreMessages" application component
in Z:\eclipse-php\workspace\wl2\protected\views\site\login.php (30)
in Z:\eclipse-php\workspace\wl2\protected\controllers\SiteController.php (98)
in Z:\eclipse-php\workspace\wl2\index.php (13)
2012/12/31 05:39:09 [trace] [system.CModule] Loading "clientScript" application component
in Z:\eclipse-php\workspace\wl2\protected\views\site\login.php (52)
in Z:\eclipse-php\workspace\wl2\protected\controllers\SiteController.php (98)
in Z:\eclipse-php\workspace\wl2\index.php (13)
2012/12/31 05:39:09 [trace] [system.CModule] Loading "user" application component
in Z:\eclipse-php\workspace\wl2\protected\views\layouts\main.php (35)
in Z:\eclipse-php\workspace\wl2\protected\views\layouts\column1.php (6)
in Z:\eclipse-php\workspace\wl2\protected\controllers\SiteController.php (98)
2012/12/31 05:39:09 [trace] [system.CModule] Loading "session" application component
in Z:\eclipse-php\workspace\wl2\protected\views\layouts\main.php (35)
in Z:\eclipse-php\workspace\wl2\protected\views\layouts\column1.php (6)
in Z:\eclipse-php\workspace\wl2\protected\controllers\SiteController.php (98)
2012/12/31 05:39:09 [trace] [system.CModule] Loading "assetManager" application component
in Z:\eclipse-php\workspace\wl2\protected\controllers\SiteController.php (98)
in Z:\eclipse-php\workspace\wl2\index.php (13)
2012/12/31 05:41:44 [trace] [system.CModule] Loading "log" application component
in Z:\eclipse-php\workspace\wl2\index.php (13)
2012/12/31 05:41:44 [trace] [system.CModule] Loading "request" application component
in Z:\eclipse-php\workspace\wl2\index.php (13)
2012/12/31 05:41:44 [trace] [system.CModule] Loading "urlManager" application component
in Z:\eclipse-php\workspace\wl2\index.php (13)
2012/12/31 05:41:44 [info] [application] Logging in with username: "wl2@andrewrgraham.com"
in Z:\eclipse-php\workspace\wl2\protected\components\UserIdentity.php (24)
in Z:\eclipse-php\workspace\wl2\protected\models\LoginForm.php (52)
in Z:\eclipse-php\workspace\wl2\protected\controllers\SiteController.php (94)
2012/12/31 05:41:44 [trace] [system.CModule] Loading "db" application component
in Z:\eclipse-php\workspace\wl2\protected\models\User.php (21)
in Z:\eclipse-php\workspace\wl2\protected\components\UserIdentity.php (25)
in Z:\eclipse-php\workspace\wl2\protected\models\LoginForm.php (52)
2012/12/31 05:41:44 [trace] [system.db.CDbConnection] Opening DB connection
in Z:\eclipse-php\workspace\wl2\protected\models\User.php (21)
in Z:\eclipse-php\workspace\wl2\protected\components\UserIdentity.php (25)
in Z:\eclipse-php\workspace\wl2\protected\models\LoginForm.php (52)
2012/12/31 05:41:44 [trace] [system.db.CDbCommand] Querying SQL: SHOW COLUMNS FROM `wl_users`
in Z:\eclipse-php\workspace\wl2\protected\models\User.php (21)
in Z:\eclipse-php\workspace\wl2\protected\components\UserIdentity.php (25)
in Z:\eclipse-php\workspace\wl2\protected\models\LoginForm.php (52)
2012/12/31 05:41:44 [trace] [system.db.CDbCommand] Querying SQL: SHOW CREATE TABLE `wl_users`
in Z:\eclipse-php\workspace\wl2\protected\models\User.php (21)
in Z:\eclipse-php\workspace\wl2\protected\components\UserIdentity.php (25)
in Z:\eclipse-php\workspace\wl2\protected\models\LoginForm.php (52)
2012/12/31 05:41:44 [trace] [system.db.ar.CActiveRecord] User.find()
in Z:\eclipse-php\workspace\wl2\protected\components\UserIdentity.php (25)
in Z:\eclipse-php\workspace\wl2\protected\models\LoginForm.php (52)
in Z:\eclipse-php\workspace\wl2\protected\controllers\SiteController.php (94)
2012/12/31 05:41:44 [trace] [system.db.CDbCommand] Querying SQL: SELECT * FROM `wl_users` `t` WHERE email=:emailAddr LIMIT 1
in Z:\eclipse-php\workspace\wl2\protected\components\UserIdentity.php (25)
in Z:\eclipse-php\workspace\wl2\protected\models\LoginForm.php (52)
in Z:\eclipse-php\workspace\wl2\protected\controllers\SiteController.php (94)
2012/12/31 05:41:44 [error] [php] log() expects parameter 1 to be double, string given (Z:\eclipse-php\workspace\wl2\protected\components\UserIdentity.php:31)
Stack trace:
#0 Z:\eclipse-php\workspace\wl2\yii\framework\validators\CInlineValidator.php(43): LoginForm->authenticate()
#1 Z:\eclipse-php\workspace\wl2\yii\framework\validators\CValidator.php(214): CInlineValidator->validateAttribute()
#2 Z:\eclipse-php\workspace\wl2\yii\framework\base\CModel.php(158): CInlineValidator->validate()
#3 Z:\eclipse-php\workspace\wl2\protected\controllers\SiteController.php(94): LoginForm->validate()
#4 Z:\eclipse-php\workspace\wl2\yii\framework\web\actions\CInlineAction.php(50): SiteController->actionLogin()
#5 Z:\eclipse-php\workspace\wl2\yii\framework\web\CController.php(309): CInlineAction->runWithParams()
#6 Z:\eclipse-php\workspace\wl2\yii\framework\web\CController.php(287): SiteController->runAction()
#7 Z:\eclipse-php\workspace\wl2\yii\framework\web\CController.php(266): SiteController->runActionWithFilters()
#8 Z:\eclipse-php\workspace\wl2\yii\framework\web\CWebApplication.php(283): SiteController->run()
#9 Z:\eclipse-php\workspace\wl2\yii\framework\web\CWebApplication.php(142): CWebApplication->runController()
#10 Z:\eclipse-php\workspace\wl2\yii\framework\base\CApplication.php(162): CWebApplication->processRequest()
#11 Z:\eclipse-php\workspace\wl2\index.php(13): CWebApplication->run()
REQUEST_URI=/index.php?r=site/login
in Z:\eclipse-php\workspace\wl2\protected\components\UserIdentity.php (31)
in Z:\eclipse-php\workspace\wl2\protected\models\LoginForm.php (52)
in Z:\eclipse-php\workspace\wl2\protected\controllers\SiteController.php (94)
2012/12/31 05:41:44 [trace] [system.CModule] Loading "errorHandler" application component
in Z:\eclipse-php\workspace\wl2\protected\components\UserIdentity.php (31)
in Z:\eclipse-php\workspace\wl2\protected\models\LoginForm.php (52)
in Z:\eclipse-php\workspace\wl2\protected\controllers\SiteController.php (94)
2012/12/31 05:43:41 [trace] [system.CModule] Loading "log" application component
in Z:\eclipse-php\workspace\wl2\index.php (13)
2012/12/31 05:43:41 [trace] [system.CModule] Loading "request" application component
in Z:\eclipse-php\workspace\wl2\index.php (13)
2012/12/31 05:43:41 [trace] [system.CModule] Loading "urlManager" application component
in Z:\eclipse-php\workspace\wl2\index.php (13)
2012/12/31 05:43:41 [info] [application] Logging in with username: "wl2@andrewrgraham.com"
in Z:\eclipse-php\workspace\wl2\protected\components\UserIdentity.php (24)
in Z:\eclipse-php\workspace\wl2\protected\models\LoginForm.php (52)
in Z:\eclipse-php\workspace\wl2\protected\controllers\SiteController.php (94)
2012/12/31 05:43:41 [trace] [system.CModule] Loading "db" application component
in Z:\eclipse-php\workspace\wl2\protected\models\User.php (21)
in Z:\eclipse-php\workspace\wl2\protected\components\UserIdentity.php (25)
in Z:\eclipse-php\workspace\wl2\protected\models\LoginForm.php (52)
2012/12/31 05:43:41 [trace] [system.db.CDbConnection] Opening DB connection
in Z:\eclipse-php\workspace\wl2\protected\models\User.php (21)
in Z:\eclipse-php\workspace\wl2\protected\components\UserIdentity.php (25)
in Z:\eclipse-php\workspace\wl2\protected\models\LoginForm.php (52)
2012/12/31 05:43:41 [trace] [system.db.CDbCommand] Querying SQL: SHOW COLUMNS FROM `wl_users`
in Z:\eclipse-php\workspace\wl2\protected\models\User.php (21)
in Z:\eclipse-php\workspace\wl2\protected\components\UserIdentity.php (25)
in Z:\eclipse-php\workspace\wl2\protected\models\LoginForm.php (52)
2012/12/31 05:43:41 [trace] [system.db.CDbCommand] Querying SQL: SHOW CREATE TABLE `wl_users`
in Z:\eclipse-php\workspace\wl2\protected\models\User.php (21)
in Z:\eclipse-php\workspace\wl2\protected\components\UserIdentity.php (25)
in Z:\eclipse-php\workspace\wl2\protected\models\LoginForm.php (52)
2012/12/31 05:43:41 [trace] [system.db.ar.CActiveRecord] User.find()
in Z:\eclipse-php\workspace\wl2\protected\components\UserIdentity.php (25)
in Z:\eclipse-php\workspace\wl2\protected\models\LoginForm.php (52)
in Z:\eclipse-php\workspace\wl2\protected\controllers\SiteController.php (94)
2012/12/31 05:43:41 [trace] [system.db.CDbCommand] Querying SQL: SELECT * FROM `wl_users` `t` WHERE email=:emailAddr LIMIT 1
in Z:\eclipse-php\workspace\wl2\protected\components\UserIdentity.php (25)
in Z:\eclipse-php\workspace\wl2\protected\models\LoginForm.php (52)
in Z:\eclipse-php\workspace\wl2\protected\controllers\SiteController.php (94)
2012/12/31 05:43:41 [info] [application] Password entered: "P@ssw0rd"
in Z:\eclipse-php\workspace\wl2\protected\components\UserIdentity.php (31)
in Z:\eclipse-php\workspace\wl2\protected\models\LoginForm.php (52)
in Z:\eclipse-php\workspace\wl2\protected\controllers\SiteController.php (94)
2012/12/31 05:43:41 [info] [application] Validating password for User: "wl2@andrewrgraham.com"
in Z:\eclipse-php\workspace\wl2\protected\models\User.php (116)
in Z:\eclipse-php\workspace\wl2\protected\components\UserIdentity.php (32)
in Z:\eclipse-php\workspace\wl2\protected\models\LoginForm.php (52)
2012/12/31 05:43:41 [trace] [system.CModule] Loading "widgetFactory" application component
in Z:\eclipse-php\workspace\wl2\protected\views\site\login.php (23)
in Z:\eclipse-php\workspace\wl2\protected\controllers\SiteController.php (98)
in Z:\eclipse-php\workspace\wl2\index.php (13)
2012/12/31 05:43:41 [trace] [system.CModule] Loading "coreMessages" application component
in Z:\eclipse-php\workspace\wl2\protected\views\site\login.php (30)
in Z:\eclipse-php\workspace\wl2\protected\controllers\SiteController.php (98)
in Z:\eclipse-php\workspace\wl2\index.php (13)
2012/12/31 05:43:41 [trace] [system.CModule] Loading "clientScript" application component
in Z:\eclipse-php\workspace\wl2\protected\views\site\login.php (52)
in Z:\eclipse-php\workspace\wl2\protected\controllers\SiteController.php (98)
in Z:\eclipse-php\workspace\wl2\index.php (13)
2012/12/31 05:43:41 [trace] [system.CModule] Loading "user" application component
in Z:\eclipse-php\workspace\wl2\protected\views\layouts\main.php (35)
in Z:\eclipse-php\workspace\wl2\protected\views\layouts\column1.php (6)
in Z:\eclipse-php\workspace\wl2\protected\controllers\SiteController.php (98)
2012/12/31 05:43:41 [trace] [system.CModule] Loading "session" application component
in Z:\eclipse-php\workspace\wl2\protected\views\layouts\main.php (35)
in Z:\eclipse-php\workspace\wl2\protected\views\layouts\column1.php (6)
in Z:\eclipse-php\workspace\wl2\protected\controllers\SiteController.php (98)
2012/12/31 05:43:41 [trace] [system.CModule] Loading "assetManager" application component
in Z:\eclipse-php\workspace\wl2\protected\controllers\SiteController.php (98)
in Z:\eclipse-php\workspace\wl2\index.php (13)
2012/12/31 05:46:34 [info] [application] Logging in with username: "wl2@andrewrgraham.com"
in Z:\eclipse-php\workspace\wl2\protected\components\UserIdentity.php (24)
in Z:\eclipse-php\workspace\wl2\protected\models\LoginForm.php (52)
in Z:\eclipse-php\workspace\wl2\protected\controllers\SiteController.php (94)
2012/12/31 05:46:34 [info] [application] Password entered: "P@ssw0rd"
in Z:\eclipse-php\workspace\wl2\protected\components\UserIdentity.php (31)
in Z:\eclipse-php\workspace\wl2\protected\models\LoginForm.php (52)
in Z:\eclipse-php\workspace\wl2\protected\controllers\SiteController.php (94)
2012/12/31 05:46:34 [info] [application] Validating password for User: "wl2@andrewrgraham.com"
in Z:\eclipse-php\workspace\wl2\protected\models\User.php (116)
in Z:\eclipse-php\workspace\wl2\protected\components\UserIdentity.php (32)
in Z:\eclipse-php\workspace\wl2\protected\models\LoginForm.php (52)
2012/12/31 05:46:34 [info] [application] Error code: 2
in Z:\eclipse-php\workspace\wl2\protected\components\UserIdentity.php (35)
in Z:\eclipse-php\workspace\wl2\protected\models\LoginForm.php (52)
in Z:\eclipse-php\workspace\wl2\protected\controllers\SiteController.php (94)
2012/12/31 05:47:12 [info] [application] Logging in with username: "wl2@andrewrgraham.com"
in Z:\eclipse-php\workspace\wl2\protected\components\UserIdentity.php (24)
in Z:\eclipse-php\workspace\wl2\protected\models\LoginForm.php (52)
in Z:\eclipse-php\workspace\wl2\protected\controllers\SiteController.php (94)
2012/12/31 05:47:12 [info] [application] Password entered: "password"
in Z:\eclipse-php\workspace\wl2\protected\components\UserIdentity.php (31)
in Z:\eclipse-php\workspace\wl2\protected\models\LoginForm.php (52)
in Z:\eclipse-php\workspace\wl2\protected\controllers\SiteController.php (94)
2012/12/31 05:47:12 [info] [application] Validating password for User: "wl2@andrewrgraham.com"
in Z:\eclipse-php\workspace\wl2\protected\models\User.php (116)
in Z:\eclipse-php\workspace\wl2\protected\components\UserIdentity.php (32)
in Z:\eclipse-php\workspace\wl2\protected\models\LoginForm.php (52)
2012/12/31 05:47:12 [info] [application] Error code: 0
in Z:\eclipse-php\workspace\wl2\protected\components\UserIdentity.php (35)
in Z:\eclipse-php\workspace\wl2\protected\models\LoginForm.php (52)
in Z:\eclipse-php\workspace\wl2\protected\controllers\SiteController.php (94)
2012/12/31 06:27:04 [error] [exception.CException] exception 'CException' with message 'Property "CWebUser.isAdmin" is not defined.' in Z:\eclipse-php\workspace\wl2\yii\framework\base\CComponent.php:131
Stack trace:
#0 Z:\eclipse-php\workspace\wl2\yii\framework\web\auth\CWebUser.php(141): CComponent->__get('isAdmin')
#1 Z:\eclipse-php\workspace\wl2\protected\views\user\_view.php(13): CWebUser->__get('isAdmin')
#2 Z:\eclipse-php\workspace\wl2\yii\framework\web\CBaseController.php(131): require('Z:\eclipse-php\...')
#3 Z:\eclipse-php\workspace\wl2\yii\framework\web\CBaseController.php(96): CBaseController->renderInternal('Z:\eclipse-php\...', Array, false)
#4 Z:\eclipse-php\workspace\wl2\yii\framework\zii\widgets\CListView.php(260): CBaseController->renderFile('Z:\eclipse-php\...', Array)
#5 Z:\eclipse-php\workspace\wl2\yii\framework\zii\widgets\CBaseListView.php(161): CListView->renderItems()
#6 [internal function]: CBaseListView->renderSection(Array)
#7 Z:\eclipse-php\workspace\wl2\yii\framework\zii\widgets\CBaseListView.php(144): preg_replace_callback('/{(\w+)}/', Array, '{summary}?{sort...')
#8 Z:\eclipse-php\workspace\wl2\yii\framework\zii\widgets\CBaseListView.php(129): CBaseListView->renderContent()
#9 Z:\eclipse-php\workspace\wl2\yii\framework\web\CBaseController.php(174): CBaseListView->run()
#10 Z:\eclipse-php\workspace\wl2\protected\views\user\index.php(20): CBaseController->widget('zii.widgets.CLi...', Array)
#11 Z:\eclipse-php\workspace\wl2\yii\framework\web\CBaseController.php(127): require('Z:\eclipse-php\...')
#12 Z:\eclipse-php\workspace\wl2\yii\framework\web\CBaseController.php(96): CBaseController->renderInternal('Z:\eclipse-php\...', Array, true)
#13 Z:\eclipse-php\workspace\wl2\yii\framework\web\CController.php(870): CBaseController->renderFile('Z:\eclipse-php\...', Array, true)
#14 Z:\eclipse-php\workspace\wl2\yii\framework\web\CController.php(783): CController->renderPartial('index', Array, true)
#15 Z:\eclipse-php\workspace\wl2\protected\controllers\UserController.php(128): CController->render('index', Array)
#16 Z:\eclipse-php\workspace\wl2\yii\framework\web\actions\CInlineAction.php(50): UserController->actionIndex()
#17 Z:\eclipse-php\workspace\wl2\yii\framework\web\CController.php(309): CInlineAction->runWithParams(Array)
#18 Z:\eclipse-php\workspace\wl2\yii\framework\web\filters\CFilterChain.php(134): CController->runAction(Object(CInlineAction))
#19 Z:\eclipse-php\workspace\wl2\yii\framework\web\filters\CFilter.php(41): CFilterChain->run()
#20 Z:\eclipse-php\workspace\wl2\yii\framework\web\CController.php(1146): CFilter->filter(Object(CFilterChain))
#21 Z:\eclipse-php\workspace\wl2\yii\framework\web\filters\CInlineFilter.php(59): CController->filterAccessControl(Object(CFilterChain))
#22 Z:\eclipse-php\workspace\wl2\yii\framework\web\filters\CFilterChain.php(131): CInlineFilter->filter(Object(CFilterChain))
#23 Z:\eclipse-php\workspace\wl2\yii\framework\web\CController.php(292): CFilterChain->run()
#24 Z:\eclipse-php\workspace\wl2\yii\framework\web\CController.php(266): CController->runActionWithFilters(Object(CInlineAction), Array)
#25 Z:\eclipse-php\workspace\wl2\yii\framework\web\CWebApplication.php(283): CController->run('')
#26 Z:\eclipse-php\workspace\wl2\yii\framework\web\CWebApplication.php(142): CWebApplication->runController('user')
#27 Z:\eclipse-php\workspace\wl2\yii\framework\base\CApplication.php(162): CWebApplication->processRequest()
#28 Z:\eclipse-php\workspace\wl2\index.php(13): CApplication->run()
#29 {main}
REQUEST_URI=/index.php?r=user
---
2012/12/31 06:34:02 [error] [exception.CException] exception 'CException' with message 'Property "WebUser.email" is not defined.' in Z:\eclipse-php\workspace\wl2\yii\framework\base\CComponent.php:131
Stack trace:
#0 Z:\eclipse-php\workspace\wl2\yii\framework\web\auth\CWebUser.php(141): CComponent->__get('email')
#1 Z:\eclipse-php\workspace\wl2\protected\components\WebUser.php(14): CWebUser->__get('email')
#2 Z:\eclipse-php\workspace\wl2\yii\framework\base\CComponent.php(112): WebUser->getName()
#3 Z:\eclipse-php\workspace\wl2\yii\framework\web\auth\CWebUser.php(141): CComponent->__get('name')
#4 Z:\eclipse-php\workspace\wl2\protected\views\layouts\main.php(36): CWebUser->__get('name')
#5 Z:\eclipse-php\workspace\wl2\yii\framework\web\CBaseController.php(127): require('Z:\eclipse-php\...')
#6 Z:\eclipse-php\workspace\wl2\yii\framework\web\CBaseController.php(96): CBaseController->renderInternal('Z:\eclipse-php\...', Array, true)
#7 Z:\eclipse-php\workspace\wl2\yii\framework\web\widgets\CContentDecorator.php(77): CBaseController->renderFile('Z:\eclipse-php\...', Array, true)
#8 Z:\eclipse-php\workspace\wl2\yii\framework\web\widgets\CContentDecorator.php(55): CContentDecorator->decorate('<div id="conten...')
#9 Z:\eclipse-php\workspace\wl2\yii\framework\web\widgets\COutputProcessor.php(45): CContentDecorator->processOutput('<div id="conten...')
#10 Z:\eclipse-php\workspace\wl2\yii\framework\web\CBaseController.php(207): COutputProcessor->run()
#11 Z:\eclipse-php\workspace\wl2\yii\framework\web\CBaseController.php(301): CBaseController->endWidget('CContentDecorat...')
#12 Z:\eclipse-php\workspace\wl2\protected\views\layouts\column1.php(6): CBaseController->endContent()
#13 Z:\eclipse-php\workspace\wl2\yii\framework\web\CBaseController.php(127): require('Z:\eclipse-php\...')
#14 Z:\eclipse-php\workspace\wl2\yii\framework\web\CBaseController.php(96): CBaseController->renderInternal('Z:\eclipse-php\...', Array, true)
#15 Z:\eclipse-php\workspace\wl2\yii\framework\web\CController.php(785): CBaseController->renderFile('Z:\eclipse-php\...', Array, true)
#16 Z:\eclipse-php\workspace\wl2\protected\controllers\SiteController.php(32): CController->render('index')
#17 Z:\eclipse-php\workspace\wl2\yii\framework\web\actions\CInlineAction.php(50): SiteController->actionIndex()
#18 Z:\eclipse-php\workspace\wl2\yii\framework\web\CController.php(309): CInlineAction->runWithParams(Array)
#19 Z:\eclipse-php\workspace\wl2\yii\framework\web\CController.php(287): CController->runAction(Object(CInlineAction))
#20 Z:\eclipse-php\workspace\wl2\yii\framework\web\CController.php(266): CController->runActionWithFilters(Object(CInlineAction), Array)
#21 Z:\eclipse-php\workspace\wl2\yii\framework\web\CWebApplication.php(283): CController->run('')
#22 Z:\eclipse-php\workspace\wl2\yii\framework\web\CWebApplication.php(142): CWebApplication->runController('')
#23 Z:\eclipse-php\workspace\wl2\yii\framework\base\CApplication.php(162): CWebApplication->processRequest()
#24 Z:\eclipse-php\workspace\wl2\index.php(13): CApplication->run()
#25 {main}
REQUEST_URI=/index.php
HTTP_REFERER=http://wl2.local:8080/index.php?r=site/login
---
2012/12/31 06:34:05 [error] [exception.CException] exception 'CException' with message 'Property "WebUser.email" is not defined.' in Z:\eclipse-php\workspace\wl2\yii\framework\base\CComponent.php:131
Stack trace:
#0 Z:\eclipse-php\workspace\wl2\yii\framework\web\auth\CWebUser.php(141): CComponent->__get('email')
#1 Z:\eclipse-php\workspace\wl2\protected\components\WebUser.php(14): CWebUser->__get('email')
#2 Z:\eclipse-php\workspace\wl2\yii\framework\base\CComponent.php(112): WebUser->getName()
#3 Z:\eclipse-php\workspace\wl2\yii\framework\web\auth\CWebUser.php(141): CComponent->__get('name')
#4 Z:\eclipse-php\workspace\wl2\protected\views\layouts\main.php(36): CWebUser->__get('name')
#5 Z:\eclipse-php\workspace\wl2\yii\framework\web\CBaseController.php(127): require('Z:\eclipse-php\...')
#6 Z:\eclipse-php\workspace\wl2\yii\framework\web\CBaseController.php(96): CBaseController->renderInternal('Z:\eclipse-php\...', Array, true)
#7 Z:\eclipse-php\workspace\wl2\yii\framework\web\widgets\CContentDecorator.php(77): CBaseController->renderFile('Z:\eclipse-php\...', Array, true)
#8 Z:\eclipse-php\workspace\wl2\yii\framework\web\widgets\CContentDecorator.php(55): CContentDecorator->decorate('<div id="conten...')
#9 Z:\eclipse-php\workspace\wl2\yii\framework\web\widgets\COutputProcessor.php(45): CContentDecorator->processOutput('<div id="conten...')
#10 Z:\eclipse-php\workspace\wl2\yii\framework\web\CBaseController.php(207): COutputProcessor->run()
#11 Z:\eclipse-php\workspace\wl2\yii\framework\web\CBaseController.php(301): CBaseController->endWidget('CContentDecorat...')
#12 Z:\eclipse-php\workspace\wl2\protected\views\layouts\column1.php(6): CBaseController->endContent()
#13 Z:\eclipse-php\workspace\wl2\yii\framework\web\CBaseController.php(127): require('Z:\eclipse-php\...')
#14 Z:\eclipse-php\workspace\wl2\yii\framework\web\CBaseController.php(96): CBaseController->renderInternal('Z:\eclipse-php\...', Array, true)
#15 Z:\eclipse-php\workspace\wl2\yii\framework\web\CController.php(785): CBaseController->renderFile('Z:\eclipse-php\...', Array, true)
#16 Z:\eclipse-php\workspace\wl2\protected\controllers\SiteController.php(98): CController->render('login', Array)
#17 Z:\eclipse-php\workspace\wl2\yii\framework\web\actions\CInlineAction.php(50): SiteController->actionLogin()
#18 Z:\eclipse-php\workspace\wl2\yii\framework\web\CController.php(309): CInlineAction->runWithParams(Array)
#19 Z:\eclipse-php\workspace\wl2\yii\framework\web\CController.php(287): CController->runAction(Object(CInlineAction))
#20 Z:\eclipse-php\workspace\wl2\yii\framework\web\CController.php(266): CController->runActionWithFilters(Object(CInlineAction), Array)
#21 Z:\eclipse-php\workspace\wl2\yii\framework\web\CWebApplication.php(283): CController->run('login')
#22 Z:\eclipse-php\workspace\wl2\yii\framework\web\CWebApplication.php(142): CWebApplication->runController('site/login')
#23 Z:\eclipse-php\workspace\wl2\yii\framework\base\CApplication.php(162): CWebApplication->processRequest()
#24 Z:\eclipse-php\workspace\wl2\index.php(13): CApplication->run()
#25 {main}
REQUEST_URI=/index.php?r=site/login
---
2012/12/31 06:38:11 [error] [exception.CException] exception 'CException' with message 'Property "WebUser.username" is not defined.' in Z:\eclipse-php\workspace\wl2\yii\framework\base\CComponent.php:131
Stack trace:
#0 Z:\eclipse-php\workspace\wl2\yii\framework\web\auth\CWebUser.php(141): CComponent->__get('username')
#1 Z:\eclipse-php\workspace\wl2\protected\components\WebUser.php(14): CWebUser->__get('username')
#2 Z:\eclipse-php\workspace\wl2\yii\framework\base\CComponent.php(112): WebUser->getName()
#3 Z:\eclipse-php\workspace\wl2\yii\framework\web\auth\CWebUser.php(141): CComponent->__get('name')
#4 Z:\eclipse-php\workspace\wl2\protected\views\layouts\main.php(36): CWebUser->__get('name')
#5 Z:\eclipse-php\workspace\wl2\yii\framework\web\CBaseController.php(127): require('Z:\eclipse-php\...')
#6 Z:\eclipse-php\workspace\wl2\yii\framework\web\CBaseController.php(96): CBaseController->renderInternal('Z:\eclipse-php\...', Array, true)
#7 Z:\eclipse-php\workspace\wl2\yii\framework\web\widgets\CContentDecorator.php(77): CBaseController->renderFile('Z:\eclipse-php\...', Array, true)
#8 Z:\eclipse-php\workspace\wl2\yii\framework\web\widgets\CContentDecorator.php(55): CContentDecorator->decorate('<div id="conten...')
#9 Z:\eclipse-php\workspace\wl2\yii\framework\web\widgets\COutputProcessor.php(45): CContentDecorator->processOutput('<div id="conten...')
#10 Z:\eclipse-php\workspace\wl2\yii\framework\web\CBaseController.php(207): COutputProcessor->run()
#11 Z:\eclipse-php\workspace\wl2\yii\framework\web\CBaseController.php(301): CBaseController->endWidget('CContentDecorat...')
#12 Z:\eclipse-php\workspace\wl2\protected\views\layouts\column1.php(6): CBaseController->endContent()
#13 Z:\eclipse-php\workspace\wl2\yii\framework\web\CBaseController.php(127): require('Z:\eclipse-php\...')
#14 Z:\eclipse-php\workspace\wl2\yii\framework\web\CBaseController.php(96): CBaseController->renderInternal('Z:\eclipse-php\...', Array, true)
#15 Z:\eclipse-php\workspace\wl2\yii\framework\web\CController.php(785): CBaseController->renderFile('Z:\eclipse-php\...', Array, true)
#16 Z:\eclipse-php\workspace\wl2\protected\controllers\SiteController.php(98): CController->render('login', Array)
#17 Z:\eclipse-php\workspace\wl2\yii\framework\web\actions\CInlineAction.php(50): SiteController->actionLogin()
#18 Z:\eclipse-php\workspace\wl2\yii\framework\web\CController.php(309): CInlineAction->runWithParams(Array)
#19 Z:\eclipse-php\workspace\wl2\yii\framework\web\CController.php(287): CController->runAction(Object(CInlineAction))
#20 Z:\eclipse-php\workspace\wl2\yii\framework\web\CController.php(266): CController->runActionWithFilters(Object(CInlineAction), Array)
#21 Z:\eclipse-php\workspace\wl2\yii\framework\web\CWebApplication.php(283): CController->run('login')
#22 Z:\eclipse-php\workspace\wl2\yii\framework\web\CWebApplication.php(142): CWebApplication->runController('site/login')
#23 Z:\eclipse-php\workspace\wl2\yii\framework\base\CApplication.php(162): CWebApplication->processRequest()
#24 Z:\eclipse-php\workspace\wl2\index.php(13): CApplication->run()
#25 {main}
REQUEST_URI=/index.php?r=site/login
---
2012/12/31 06:39:44 [error] [php] Trying to get property of non-object (Z:\eclipse-php\workspace\wl2\protected\components\WebUser.php:15)
Stack trace:
#0 Z:\eclipse-php\workspace\wl2\protected\views\layouts\main.php(36): WebUser->__get()
#1 Z:\eclipse-php\workspace\wl2\yii\framework\web\CBaseController.php(127): require()
#2 Z:\eclipse-php\workspace\wl2\yii\framework\web\CBaseController.php(96): SiteController->renderInternal()
#3 Z:\eclipse-php\workspace\wl2\yii\framework\web\widgets\CContentDecorator.php(77): SiteController->renderFile()
#4 Z:\eclipse-php\workspace\wl2\yii\framework\web\widgets\CContentDecorator.php(55): CContentDecorator->decorate()
#5 Z:\eclipse-php\workspace\wl2\yii\framework\web\widgets\COutputProcessor.php(45): CContentDecorator->processOutput()
#6 Z:\eclipse-php\workspace\wl2\yii\framework\web\CBaseController.php(207): CContentDecorator->run()
#7 Z:\eclipse-php\workspace\wl2\yii\framework\web\CBaseController.php(301): SiteController->endWidget()
#8 Z:\eclipse-php\workspace\wl2\protected\views\layouts\column1.php(6): SiteController->endContent()
#9 Z:\eclipse-php\workspace\wl2\yii\framework\web\CBaseController.php(127): require()
#10 Z:\eclipse-php\workspace\wl2\yii\framework\web\CBaseController.php(96): SiteController->renderInternal()
#11 Z:\eclipse-php\workspace\wl2\yii\framework\web\CController.php(785): SiteController->renderFile()
#12 Z:\eclipse-php\workspace\wl2\protected\controllers\SiteController.php(98): SiteController->render()
#13 Z:\eclipse-php\workspace\wl2\yii\framework\web\actions\CInlineAction.php(50): SiteController->actionLogin()
#14 Z:\eclipse-php\workspace\wl2\yii\framework\web\CController.php(309): CInlineAction->runWithParams()
#15 Z:\eclipse-php\workspace\wl2\yii\framework\web\CController.php(287): SiteController->runAction()
#16 Z:\eclipse-php\workspace\wl2\yii\framework\web\CController.php(266): SiteController->runActionWithFilters()
#17 Z:\eclipse-php\workspace\wl2\yii\framework\web\CWebApplication.php(283): SiteController->run()
#18 Z:\eclipse-php\workspace\wl2\yii\framework\web\CWebApplication.php(142): CWebApplication->runController()
#19 Z:\eclipse-php\workspace\wl2\yii\framework\base\CApplication.php(162): CWebApplication->processRequest()
#20 Z:\eclipse-php\workspace\wl2\index.php(13): CWebApplication->run()
REQUEST_URI=/index.php?r=site/login
in Z:\eclipse-php\workspace\wl2\protected\components\WebUser.php (15)
in Z:\eclipse-php\workspace\wl2\protected\views\layouts\main.php (36)
in Z:\eclipse-php\workspace\wl2\protected\views\layouts\column1.php (6)
2012/12/31 06:47:22 [error] [php] Undefined property: WebUser::$name (Z:\eclipse-php\workspace\wl2\protected\components\WebUser.php:14)
Stack trace:
#0 Z:\eclipse-php\workspace\wl2\protected\components\WebUser.php(14): WebUser->__get()
#1 Z:\eclipse-php\workspace\wl2\yii\framework\web\auth\CAccessControlFilter.php(312): WebUser->getName()
#2 Z:\eclipse-php\workspace\wl2\yii\framework\web\auth\CAccessControlFilter.php(267): CAccessRule->isUserMatched()
#3 Z:\eclipse-php\workspace\wl2\yii\framework\web\auth\CAccessControlFilter.php(126): CAccessRule->isUserAllowed()
#4 Z:\eclipse-php\workspace\wl2\yii\framework\web\filters\CFilter.php(39): CAccessControlFilter->preFilter()
#5 Z:\eclipse-php\workspace\wl2\yii\framework\web\CController.php(1146): CAccessControlFilter->filter()
#6 Z:\eclipse-php\workspace\wl2\yii\framework\web\filters\CInlineFilter.php(59): UserController->filterAccessControl()
#7 Z:\eclipse-php\workspace\wl2\yii\framework\web\filters\CFilterChain.php(131): CInlineFilter->filter()
#8 Z:\eclipse-php\workspace\wl2\yii\framework\web\CController.php(292): CFilterChain->run()
#9 Z:\eclipse-php\workspace\wl2\yii\framework\web\CController.php(266): UserController->runActionWithFilters()
#10 Z:\eclipse-php\workspace\wl2\yii\framework\web\CWebApplication.php(283): UserController->run()
#11 Z:\eclipse-php\workspace\wl2\yii\framework\web\CWebApplication.php(142): CWebApplication->runController()
#12 Z:\eclipse-php\workspace\wl2\yii\framework\base\CApplication.php(162): CWebApplication->processRequest()
#13 Z:\eclipse-php\workspace\wl2\index.php(13): CWebApplication->run()
REQUEST_URI=/index.php?r=user
in Z:\eclipse-php\workspace\wl2\protected\components\WebUser.php (14)
in Z:\eclipse-php\workspace\wl2\protected\components\WebUser.php (14)
in Z:\eclipse-php\workspace\wl2\index.php (13)
2012/12/31 06:48:01 [error] [php] Trying to get property of non-object (Z:\eclipse-php\workspace\wl2\protected\components\WebUser.php:15)
Stack trace:
#0 Z:\eclipse-php\workspace\wl2\yii\framework\web\auth\CAccessControlFilter.php(126): CAccessRule->isUserAllowed()
#1 Z:\eclipse-php\workspace\wl2\yii\framework\web\filters\CFilter.php(39): CAccessControlFilter->preFilter()
#2 Z:\eclipse-php\workspace\wl2\yii\framework\web\CController.php(1146): CAccessControlFilter->filter()
#3 Z:\eclipse-php\workspace\wl2\yii\framework\web\filters\CInlineFilter.php(59): UserController->filterAccessControl()
#4 Z:\eclipse-php\workspace\wl2\yii\framework\web\filters\CFilterChain.php(131): CInlineFilter->filter()
#5 Z:\eclipse-php\workspace\wl2\yii\framework\web\CController.php(292): CFilterChain->run()
#6 Z:\eclipse-php\workspace\wl2\yii\framework\web\CController.php(266): UserController->runActionWithFilters()
#7 Z:\eclipse-php\workspace\wl2\yii\framework\web\CWebApplication.php(283): UserController->run()
#8 Z:\eclipse-php\workspace\wl2\yii\framework\web\CWebApplication.php(142): CWebApplication->runController()
#9 Z:\eclipse-php\workspace\wl2\yii\framework\base\CApplication.php(162): CWebApplication->processRequest()
#10 Z:\eclipse-php\workspace\wl2\index.php(13): CWebApplication->run()
REQUEST_URI=/index.php?r=user
in Z:\eclipse-php\workspace\wl2\protected\components\WebUser.php (15)
in Z:\eclipse-php\workspace\wl2\index.php (13)
2013/01/02 18:20:21 [error] [php] Trying to get property of non-object (C:\Users\grahama\git\php-wishlist\protected\components\WebUser.php:15)
Stack trace:
#0 C:\Users\grahama\git\php-wishlist\yii\framework\web\auth\CAccessControlFilter.php(126): CAccessRule->isUserAllowed()
#1 C:\Users\grahama\git\php-wishlist\yii\framework\web\filters\CFilter.php(39): CAccessControlFilter->preFilter()
#2 C:\Users\grahama\git\php-wishlist\yii\framework\web\CController.php(1146): CAccessControlFilter->filter()
#3 C:\Users\grahama\git\php-wishlist\yii\framework\web\filters\CInlineFilter.php(59): UserController->filterAccessControl()
#4 C:\Users\grahama\git\php-wishlist\yii\framework\web\filters\CFilterChain.php(131): CInlineFilter->filter()
#5 C:\Users\grahama\git\php-wishlist\yii\framework\web\CController.php(292): CFilterChain->run()
#6 C:\Users\grahama\git\php-wishlist\yii\framework\web\CController.php(266): UserController->runActionWithFilters()
#7 C:\Users\grahama\git\php-wishlist\yii\framework\web\CWebApplication.php(283): UserController->run()
#8 C:\Users\grahama\git\php-wishlist\yii\framework\web\CWebApplication.php(142): CWebApplication->runController()
#9 C:\Users\grahama\git\php-wishlist\yii\framework\base\CApplication.php(162): CWebApplication->processRequest()
#10 C:\Users\grahama\git\php-wishlist\index.php(13): CWebApplication->run()
REQUEST_URI=/index.php?r=user
in C:\Users\grahama\git\php-wishlist\protected\components\WebUser.php (15)
in C:\Users\grahama\git\php-wishlist\index.php (13)
